

















































































































































































































































































































































































































































































































































































































































































































































































































































































































































































































































































































































































































































































































































































































































































































































































































































































































































































































































































































































































































































































































































































































































































































































































































































































































































































































































































































































































































































































































































































































































































































































































































? == 7
1,D,* == deleted
? == 6
2,D,color == deleted
? == 6
? == 7
? == 14
1,D,* == deleted
? == 13
? == 13
? == 14
? == 21
1,D,* == deleted
? == 20
2,D,color == deleted
? == 20
? == 21
? == 28
1,D,* == deleted
? == 27
2,D,color == deleted
? == 27
? == 28
? == 35
1,D,* == deleted
? == 34
2,D,color == deleted
? == 33
? == 34
? == 41
1,D,* == deleted
? == 40
? == 40
? == 41
? == 48
1,D,* == deleted
? == 47
? == 47
? == 48
? == 55
1,D,* == deleted
? == 54
2,D,color == deleted
? == 54
? == 55
? == 62
1,D,* == deleted
? == 61
? == 61
? == 62
? == 69
1,D,* == deleted
? == 68
2,D,color == deleted
? == 68
? == 69
? == 76
1,D,* == deleted
? == 75
2,D,color == deleted
? == 75
? == 76
? == 83
1,D,* == deleted
? == 82
2,D,color == deleted
? == 81
? == 82
? == 89
1,D,* == deleted
? == 88
? == 88
? == 89
? == 96
1,D,* == deleted
? == 95
? == 95
? == 96
? == 103
1,D,* == deleted
? == 102
2,D,color == deleted
? == 102
? == 103
? == 110
1,D,* == deleted
? == 109
? == 109
? == 110
? == 117
1,D,* == deleted
? == 116
2,D,color == deleted
? == 116
? == 117
? == 124
1,D,* == deleted
? == 123
2,D,color == deleted
? == 123
? == 124
? == 131
1,D,* == deleted
? == 130
2,D,color == deleted
? == 129
? == 130
? == 137
1,D,* == deleted
? == 136
? == 136
? == 137
? == 144
1,D,* == deleted
? == 143
? == 143
? == 144
? == 151
1,D,* == deleted
? == 150
2,D,color == deleted
? == 150
? == 151
? == 158
1,D,* == deleted
? == 157
? == 157
? == 158
? == 165
1,D,* == deleted
? == 164
2,D,color == deleted
? == 164
? == 165
? == 172
1,D,* == deleted
? == 171
2,D,color == deleted
? == 171
? == 172
? == 179
1,D,* == deleted
? == 178
2,D,color == deleted
? == 177
? == 178
? == 185
1,D,* == deleted
? == 184
? == 184
? == 185
? == 192
1,D,* == deleted
? == 191
? == 191
? == 192
? == 199
1,D,* == deleted
? == 198
2,D,color == deleted
? == 198
? == 199
? == 206
1,D,* == deleted
? == 205
? == 205
? == 206
? == 213
1,D,* == deleted
? == 212
2,D,color == deleted
? == 212
? == 213
? == 220
1,D,* == deleted
? == 219
2,D,color == deleted
? == 219
? == 220
? == 227
1,D,* == deleted
? == 226
2,D,color == deleted
? == 225
? == 226
? == 233
1,D,* == deleted
? == 232
? == 232
? == 233
? == 240
1,D,* == deleted
? == 239
? == 239
? == 240
? == 247
1,D,* == deleted
? == 246
2,D,color == deleted
? == 246
? == 247
? == 254
1,D,* == deleted
? == 253
? == 253
? == 254
? == 261
1,D,* == deleted
? == 260
2,D,color == deleted
? == 260
? == 261
? == 268
1,D,* == deleted
? == 267
2,D,color == deleted
? == 267
? == 268
? == 275
1,D,* == deleted
? == 274
2,D,color == deleted
? == 273
? == 274
? == 281
1,D,* == deleted
? == 280
? == 280
? == 281
? == 288
1,D,* == deleted
? == 287
? == 287
? == 288
? == 295
1,D,* == deleted
? == 294
2,D,color == deleted
? == 294
? == 295
? == 302
1,D,* == deleted
? == 301
? == 301
? == 302
? == 309
1,D,* == deleted
? == 308
2,D,color == deleted
? == 308
? == 309
? == 316
1,D,* == deleted
? == 315
2,D,color == deleted
? == 315
? == 316
? == 323
1,D,* == deleted
? == 322
2,D,color == deleted
? == 321
? == 322
? == 329
1,D,* == deleted
? == 328
? == 328
? == 329
? == 336
1,D,* == deleted
? == 335
? == 335
? == 336
? == 343
1,D,* == deleted
? == 342
2,D,color == deleted
? == 342
? == 343
? == 350
1,D,* == deleted
? == 349
? == 349
? == 350
? == 357
1,D,* == deleted
? == 356
2,D,color == deleted
? == 356
? == 357
? == 364
1,D,* == deleted
? == 363
2,D,color == deleted
? == 363
? == 364
? == 371
1,D,* == deleted
? == 370
2,D,color == deleted
? == 369
? == 370
? == 377
1,D,* == deleted
? == 376
? == 376
? == 377
? == 384
1,D,* == deleted
? == 383
? == 383
? == 384
? == 391
1,D,* == deleted
? == 390
2,D,color == deleted
? == 390
? == 391
? == 398
1,D,* == deleted
? == 397
? == 397
? == 398
? == 405
1,D,* == deleted
? == 404
2,D,color == deleted
? == 404
? == 405
? == 412
1,D,* == deleted
? == 411
2,D,color == deleted
? == 411
? == 412
? == 419
1,D,* == deleted
? == 418
2,D,color == deleted
? == 417
? == 418
? == 425
1,D,* == deleted
? == 424
? == 424
? == 425
? == 432
1,D,* == deleted
? == 431
? == 431
? == 432
? == 439
1,D,* == deleted
? == 438
2,D,color == deleted
? == 438
? == 439
? == 446
1,D,* == deleted
? == 445
? == 445
? == 446
? == 453
1,D,* == deleted
? == 452
2,D,color == deleted
? == 452
? == 453
? == 460
1,D,* == deleted
? == 459
2,D,color == deleted
? == 459
? == 460
.ms-Breadcrumb-chevron,S,? == 0
h1,S,? == 287
? == 467
1,D,* == deleted
? == 466
.ms-Breadcrumb-chevron,S,? == 0
? == 466
? == 467
? == 474
1,D,* == deleted
? == 473
2,D,color == deleted
? == 472
? == 473
? == 480
1,D,* == deleted
? == 479
? == 479
? == 480
? == 487
1,D,* == deleted
? == 486
2,D,color == deleted
? == 486
? == 487
? == 494
1,D,* == deleted
? == 493
? == 493
? == 494
? == 501
1,D,* == deleted
? == 500
2,D,color == deleted
? == 500
? == 501
? == 508
1,D,* == deleted
? == 507
2,D,color == deleted
? == 507
? == 508
? == 515
1,D,* == deleted
? == 514
2,D,color == deleted
? == 513
? == 514
? == 521
1,D,* == deleted
? == 520
? == 520
? == 521
? == 528
1,D,* == deleted
? == 527
? == 527
? == 528
? == 535
1,D,* == deleted
? == 534
2,D,color == deleted
? == 534
? == 535
? == 542
1,D,* == deleted
? == 541
? == 541
? == 542
? == 549
1,D,* == deleted
? == 548
2,D,color == deleted
? == 548
? == 549
? == 556
1,D,* == deleted
? == 555
2,D,color == deleted
? == 555
? == 556
? == 563
1,D,* == deleted
? == 562
2,D,color == deleted
? == 561
? == 562
? == 569
1,D,* == deleted
? == 568
? == 568
? == 569
? == 576
1,D,* == deleted
? == 575
? == 575
? == 576
? == 583
1,D,* == deleted
? == 582
2,D,color == deleted
? == 582
? == 583
? == 590
1,D,* == deleted
? == 589
? == 589
? == 590
? == 597
1,D,* == deleted
? == 596
2,D,color == deleted
? == 596
? == 597
? == 604
1,D,* == deleted
? == 603
2,D,color == deleted
? == 603
? == 604
? == 611
1,D,* == deleted
? == 610
2,D,color == deleted
? == 609
? == 610
? == 617
1,D,* == deleted
? == 616
? == 616
? == 617
? == 624
1,D,* == deleted
? == 623
? == 623
? == 624
? == 631
1,D,* == deleted
? == 630
2,D,color == deleted
? == 630
? == 631
? == 638
1,D,* == deleted
? == 637
? == 637
? == 638
? == 645
1,D,* == deleted
? == 644
2,D,color == deleted
? == 644
? == 645
? == 652
1,D,* == deleted
? == 651
2,D,color == deleted
? == 651
? == 652
? == 659
1,D,* == deleted
? == 658
2,D,color == deleted
? == 657
? == 658
? == 665
1,D,* == deleted
? == 664
? == 664
? == 665
? == 672
1,D,* == deleted
? == 671
? == 671
? == 672
? == 679
1,D,* == deleted
? == 678
2,D,color == deleted
? == 678
? == 679
? == 686
1,D,* == deleted
? == 685
? == 685
? == 686
? == 693
1,D,* == deleted
? == 692
2,D,color == deleted
? == 692
? == 693
? == 700
1,D,* == deleted
? == 699
2,D,color == deleted
? == 699
? == 700
? == 707
1,D,* == deleted
? == 706
2,D,color == deleted
? == 705
? == 706
? == 713
1,D,* == deleted
? == 712
? == 712
? == 713
? == 720
1,D,* == deleted
? == 719
? == 719
? == 720
? == 727
1,D,* == deleted
? == 726
2,D,color == deleted
? == 726
? == 727
? == 734
1,D,* == deleted
? == 733
? == 733
? == 734
? == 741
1,D,* == deleted
? == 740
2,D,color == deleted
? == 740
? == 741
? == 748
1,D,* == deleted
? == 747
2,D,color == deleted
? == 747
? == 748
? == 755
1,D,* == deleted
? == 754
2,D,color == deleted
? == 753
? == 754
? == 761
1,D,* == deleted
? == 760
? == 760
? == 761
? == 768
1,D,* == deleted
? == 767
? == 767
? == 768
? == 775
1,D,* == deleted
? == 774
2,D,color == deleted
? == 774
? == 775
? == 782
1,D,* == deleted
? == 781
? == 781
? == 782
? == 789
1,D,* == deleted
? == 788
2,D,color == deleted
? == 788
? == 789
? == 796
1,D,* == deleted
? == 795
2,D,color == deleted
? == 795
? == 796
? == 803
1,D,* == deleted
? == 802
2,D,color == deleted
? == 801
? == 802
? == 809
1,D,* == deleted
? == 808
? == 808
? == 809
? == 816
1,D,* == deleted
? == 815
? == 815
? == 816
? == 823
1,D,* == deleted
? == 822
2,D,color == deleted
? == 822
? == 823
? == 830
1,D,* == deleted
? == 829
? == 829
? == 830
? == 837
1,D,* == deleted
? == 836
2,D,color == deleted
? == 836
? == 837
? == 844
1,D,* == deleted
? == 843
2,D,color == deleted
? == 843
? == 844
? == 851
1,D,* == deleted
? == 850
2,D,color == deleted
? == 849
? == 850
? == 857
1,D,* == deleted
? == 856
? == 856
? == 857
? == 864
1,D,* == deleted
? == 863
? == 863
? == 864
? == 871
1,D,* == deleted
? == 870
2,D,color == deleted
? == 870
? == 871
? == 878
1,D,* == deleted
? == 877
? == 877
? == 878
? == 885
1,D,* == deleted
? == 884
2,D,color == deleted
? == 884
? == 885
? == 892
1,D,* == deleted
? == 891
2,D,color == deleted
? == 891
? == 892
? == 899
1,D,* == deleted
? == 898
2,D,color == deleted
? == 897
? == 898
? == 905
1,D,* == deleted
? == 904
? == 904
? == 905
? == 912
1,D,* == deleted
? == 911
? == 911
? == 912
? == 919
1,D,* == deleted
? == 918
2,D,color == deleted
? == 918
? == 919
? == 926
1,D,* == deleted
? == 925
? == 925
? == 926
? == 933
1,D,* == deleted
? == 932
2,D,color == deleted
? == 932
? == 933
? == 940
1,D,* == deleted
? == 939
2,D,color == deleted
? == 939
? == 940
? == 947
1,D,* == deleted
? == 946
2,D,color == deleted
? == 945
? == 946
? == 953
1,D,* == deleted
? == 952
? == 952
? == 953
? == 960
1,D,* == deleted
? == 959
? == 959
? == 960
? == 967
1,D,* == deleted
? == 966
2,D,color == deleted
? == 966
? == 967
? == 974
1,D,* == deleted
? == 973
? == 973
? == 974
? == 981
1,D,* == deleted
? == 980
2,D,color == deleted
? == 980
? == 981
? == 988
1,D,* == deleted
? == 987
2,D,color == deleted
? == 987
? == 988
? == 995
1,D,* == deleted
? == 994
2,D,color == deleted
? == 993
? == 994
? == 1001
1,D,* == deleted
? == 1000
? == 1000
? == 1001
? == 1008
1,D,* == deleted
? == 1007
? == 1007
? == 1008
? == 1015
1,D,* == deleted
? == 1014
2,D,color == deleted
? == 1014
? == 1015
? == 1022
1,D,* == deleted
? == 1021
? == 1021
? == 1022
? == 1029
1,D,* == deleted
? == 1028
2,D,color == deleted
? == 1028
? == 1029
? == 1036
1,D,* == deleted
? == 1035
2,D,color == deleted
? == 1035
? == 1036
? == 1043
1,D,* == deleted
? == 1042
2,D,color == deleted
? == 1041
? == 1042
? == 1049
1,D,* == deleted
? == 1048
? == 1048
? == 1049
? == 1056
1,D,* == deleted
? == 1055
? == 1055
? == 1056
? == 1063
1,D,* == deleted
? == 1062
2,D,color == deleted
? == 1062
? == 1063
? == 1070
1,D,* == deleted
? == 1069
? == 1069
? == 1070
? == 1077
1,D,* == deleted
? == 1076
2,D,color == deleted
? == 1076
? == 1077
? == 1084
1,D,* == deleted
? == 1083
2,D,color == deleted
? == 1083
? == 1084
? == 1091
1,D,* == deleted
? == 1090
2,D,color == deleted
? == 1089
? == 1090
? == 1097
1,D,* == deleted
? == 1096
? == 1096
? == 1097
? == 1104
1,D,* == deleted
? == 1103
? == 1103
? == 1104
? == 1111
1,D,* == deleted
? == 1110
2,D,color == deleted
? == 1110
? == 1111
? == 1118
1,D,* == deleted
? == 1117
? == 1117
? == 1118
? == 1125
1,D,* == deleted
? == 1124
2,D,color == deleted
? == 1124
? == 1125
? == 1132
1,D,* == deleted
? == 1131
2,D,color == deleted
? == 1131
? == 1132
? == 1139
1,D,* == deleted
? == 1138
2,D,color == deleted
? == 1137
? == 1138
? == 1145
1,D,* == deleted
? == 1144
? == 1144
? == 1145
? == 1152
1,D,* == deleted
? == 1151
? == 1151
? == 1152
? == 1159
1,D,* == deleted
? == 1158
2,D,color == deleted
? == 1158
? == 1159
? == 1166
1,D,* == deleted
? == 1165
? == 1165
? == 1166
? == 1173
1,D,* == deleted
? == 1172
2,D,color == deleted
? == 1172
? == 1173
? == 1180
1,D,* == deleted
? == 1179
2,D,color == deleted
? == 1179
? == 1180
? == 1187
1,D,* == deleted
? == 1186
2,D,color == deleted
? == 1185
? == 1186
? == 1193
1,D,* == deleted
? == 1192
? == 1192
? == 1193
? == 1200
1,D,* == deleted
? == 1199
? == 1199
? == 1200
? == 1207
1,D,* == deleted
? == 1206
2,D,color == deleted
? == 1206
? == 1207
? == 1214
1,D,* == deleted
? == 1213
? == 1213
? == 1214
? == 1221
1,D,* == deleted
? == 1220
2,D,color == deleted
? == 1220
? == 1221
? == 1228
1,D,* == deleted
? == 1227
2,D,color == deleted
? == 1227
? == 1228
? == 1235
1,D,* == deleted
? == 1234
2,D,color == deleted
? == 1233
? == 1234
? == 1241
1,D,* == deleted
? == 1240
? == 1240
? == 1241
? == 1248
1,D,* == deleted
? == 1247
? == 1247
? == 1248
? == 1255
1,D,* == deleted
? == 1254
2,D,color == deleted
? == 1254
? == 1255
? == 1262
1,D,* == deleted
? == 1261
? == 1261
? == 1262
? == 1269
1,D,* == deleted
? == 1268
2,D,color == deleted
? == 1268
? == 1269
? == 1270
1,D,* == deleted
? == 1269
4,D,color == deleted
1,D,* == deleted
1,D,* == deleted
? == 1266
? == 1270
5,D,* == deleted
? == 1269
4,D,color == deleted
? == 1269
? == 1271
1,D,* == deleted
? == 1270
? == 1270
? == 1271
? == 1275
5,D,* == deleted
? == 1274
4,D,color == deleted
? == 1274
? == 1276
1,D,* == deleted
? == 1275
? == 1275
? == 1276
1,D,* == deleted
? == 1275
? == 1275
? == 1276
? == 1278
1,D,* == deleted
? == 1277
2,D,color == deleted
? == 1276
? == 1279
1,D,* == deleted
? == 1278
? == 1278
? == 1280
1,D,* == deleted
? == 1279
? == 1279
? == 1280
? == 1287
1,D,* == deleted
? == 1286
2,D,color == deleted
? == 1286
? == 1287
? == 1288
1,D,* == deleted
? == 1287
? == 1287
? == 1293
1,D,* == deleted
? == 1292
2,D,color == deleted
? == 1292
? == 1293
? == 1298
1,D,* == deleted
? == 1297
2,D,color == deleted
? == 1297
? == 1299
1,D,* == deleted
? == 1298
2,D,color == deleted
? == 1297
? == 1298
? == 1305
1,D,* == deleted
? == 1304
? == 1304
? == 1305
1305,D,* == deleted
? == 1304
1,D,* == deleted
1,D,* == deleted
1,D,* == deleted
1,D,* == deleted
1,D,* == deleted
1,D,* == deleted
1,D,* == deleted
1,D,* == deleted
1,D,* == deleted
1,D,* == deleted
1,D,* == deleted
1,D,* == deleted
1,D,* == deleted
1,D,* == deleted
1,D,* == deleted
1,D,* == deleted
1,D,* == deleted
1,D,* == deleted
1,D,* == deleted
1,D,* == deleted
1,D,* == deleted
1,D,* == deleted
1,D,* == deleted
1,D,* == deleted
1,D,* == deleted
1,D,* == deleted
1,D,* == deleted
1,D,* == deleted
1,D,* == deleted
1,D,* == deleted
1,D,* == deleted
1,D,* == deleted
1,D,* == deleted
1,D,* == deleted
1,D,* == deleted
1,D,* == deleted
1,D,* == deleted
1,D,* == deleted
1,D,* == deleted
1,D,* == deleted
1,D,* == deleted
1,D,* == deleted
1,D,* == deleted
1,D,* == deleted
1,D,* == deleted
1,D,* == deleted
1,D,* == deleted
1,D,* == deleted
1,D,* == deleted
1,D,* == deleted
1,D,* == deleted
1,D,* == deleted
1,D,* == deleted
1,D,* == deleted
1,D,* == deleted
1,D,* == deleted
1,D,* == deleted
1,D,* == deleted
1,D,* == deleted
1,D,* == deleted
1,D,* == deleted
1,D,* == deleted
1,D,* == deleted
1,D,* == deleted
1,D,* == deleted
1,D,* == deleted
1,D,* == deleted
1,D,* == deleted
1,D,* == deleted
1,D,* == deleted
1,D,* == deleted
1,D,* == deleted
1,D,* == deleted
1,D,* == deleted
1,D,* == deleted
1,D,* == deleted
1,D,* == deleted
1,D,* == deleted
1,D,* == deleted
1,D,* == deleted
1,D,* == deleted
1,D,* == deleted
1,D,* == deleted
1,D,* == deleted
1,D,* == deleted
1,D,* == deleted
1,D,* == deleted
1,D,* == deleted
1,D,* == deleted
1,D,* == deleted
1,D,* == deleted
1,D,* == deleted
1,D,* == deleted
1,D,* == deleted
1,D,* == deleted
1,D,* == deleted
1,D,* == deleted
1,D,* == deleted
1,D,* == deleted
1,D,* == deleted
1,D,* == deleted
1,D,* == deleted
1,D,* == deleted
1,D,* == deleted
1,D,* == deleted
1,D,* == deleted
1,D,* == deleted
1,D,* == deleted
1,D,* == deleted
1,D,* == deleted
1,D,* == deleted
1,D,* == deleted
1,D,* == deleted
1,D,* == deleted
1,D,* == deleted
1,D,* == deleted
1,D,* == deleted
1,D,* == deleted
1,D,* == deleted
1,D,* == deleted
1,D,* == deleted
1,D,* == deleted
1,D,* == deleted
1,D,* == deleted
1,D,* == deleted
1,D,* == deleted
1,D,* == deleted
1,D,* == deleted
? == 1176
1,D,* == deleted
1,D,* == deleted
1,D,* == deleted
1,D,* == deleted
1,D,* == deleted
1,D,* == deleted
1,D,* == deleted
1,D,* == deleted
1,D,* == deleted
1,D,* == deleted
1,D,* == deleted
1,D,* == deleted
1,D,* == deleted
1,D,* == deleted
1,D,* == deleted
1,D,* == deleted
1,D,* == deleted
1,D,* == deleted
1,D,* == deleted
1,D,* == deleted
1,D,* == deleted
1,D,* == deleted
1,D,* == deleted
1,D,* == deleted
1,D,* == deleted
1,D,* == deleted
1,D,* == deleted
1,D,* == deleted
1,D,* == deleted
1,D,* == deleted
1,D,* == deleted
1,D,* == deleted
1,D,* == deleted
1,D,* == deleted
1,D,* == deleted
1,D,* == deleted
1,D,* == deleted
1,D,* == deleted
1,D,* == deleted
1,D,* == deleted
1,D,* == deleted
1,D,* == deleted
1,D,* == deleted
1,D,* == deleted
1,D,* == deleted
1,D,* == deleted
1,D,* == deleted
1,D,* == deleted
1,D,* == deleted
1,D,* == deleted
1,D,* == deleted
1,D,* == deleted
1,D,* == deleted
1,D,* == deleted
1,D,* == deleted
1,D,* == deleted
1,D,* == deleted
1,D,* == deleted
1,D,* == deleted
1,D,* == deleted
1,D,* == deleted
1,D,* == deleted
1,D,* == deleted
1,D,* == deleted
1,D,* == deleted
1,D,* == deleted
1,D,* == deleted
1,D,* == deleted
1,D,* == deleted
1,D,* == deleted
1,D,* == deleted
1,D,* == deleted
1,D,* == deleted
1,D,* == deleted
1,D,* == deleted
1,D,* == deleted
1,D,* == deleted
1,D,* == deleted
1,D,* == deleted
1,D,* == deleted
1,D,* == deleted
1,D,* == deleted
1,D,* == deleted
1,D,* == deleted
1,D,* == deleted
1,D,* == deleted
1,D,* == deleted
1,D,* == deleted
1,D,* == deleted
1,D,* == deleted
1,D,* == deleted
1,D,* == deleted
1,D,* == deleted
1,D,* == deleted
1,D,* == deleted
1,D,* == deleted
1,D,* == deleted
1,D,* == deleted
1,D,* == deleted
1,D,* == deleted
1,D,* == deleted
1,D,* == deleted
1,D,* == deleted
1,D,* == deleted
1,D,* == deleted
1,D,* == deleted
1,D,* == deleted
1,D,* == deleted
1,D,* == deleted
1,D,* == deleted
1,D,* == deleted
1,D,* == deleted
1,D,* == deleted
1,D,* == deleted
1,D,* == deleted
1,D,* == deleted
1,D,* == deleted
1,D,* == deleted
1,D,* == deleted
1,D,* == deleted
1,D,* == deleted
1,D,* == deleted
1,D,* == deleted
1,D,* == deleted
1,D,* == deleted
1,D,* == deleted
1,D,* == deleted
1,D,* == deleted
1,D,* == deleted
1,D,* == deleted
1,D,* == deleted
1,D,* == deleted
1,D,* == deleted
1,D,* == deleted
1,D,* == deleted
1,D,* == deleted
1,D,* == deleted
1,D,* == deleted
1,D,* == deleted
1,D,* == deleted
1,D,* == deleted
1,D,* == deleted
1,D,* == deleted
1,D,* == deleted
1,D,* == deleted
1,D,* == deleted
1,D,* == deleted
1,D,* == deleted
1,D,* == deleted
1,D,* == deleted
1,D,* == deleted
1,D,* == deleted
1,D,* == deleted
1,D,* == deleted
1,D,* == deleted
1,D,* == deleted
1,D,* == deleted
1,D,* == deleted
1,D,* == deleted
1,D,* == deleted
1,D,* == deleted
1,D,* == deleted
1,D,* == deleted
1,D,* == deleted
1,D,* == deleted
1,D,* == deleted
1,D,* == deleted
1,D,* == deleted
1,D,* == deleted
1,D,* == deleted
1,D,* == deleted
1,D,* == deleted
1,D,* == deleted
1,D,* == deleted
1,D,* == deleted
1,D,* == deleted
1,D,* == deleted
1,D,* == deleted
1,D,* == deleted
1,D,* == deleted
1,D,* == deleted
1,D,* == deleted
1,D,* == deleted
1,D,* == deleted
1,D,* == deleted
1,D,* == deleted
1,D,* == deleted
1,D,* == deleted
1,D,* == deleted
1,D,* == deleted
1,D,* == deleted
? == 985
1,D,* == deleted
1,D,* == deleted
1,D,* == deleted
1,D,* == deleted
1,D,* == deleted
1,D,* == deleted
1,D,* == deleted
1,D,* == deleted
1,D,* == deleted
1,D,* == deleted
1,D,* == deleted
1,D,* == deleted
1,D,* == deleted
1,D,* == deleted
1,D,* == deleted
1,D,* == deleted
1,D,* == deleted
1,D,* == deleted
1,D,* == deleted
1,D,* == deleted
1,D,* == deleted
1,D,* == deleted
1,D,* == deleted
1,D,* == deleted
1,D,* == deleted
1,D,* == deleted
1,D,* == deleted
1,D,* == deleted
1,D,* == deleted
1,D,* == deleted
1,D,* == deleted
1,D,* == deleted
1,D,* == deleted
1,D,* == deleted
1,D,* == deleted
1,D,* == deleted
1,D,* == deleted
1,D,* == deleted
1,D,* == deleted
1,D,* == deleted
1,D,* == deleted
1,D,* == deleted
1,D,* == deleted
1,D,* == deleted
1,D,* == deleted
1,D,* == deleted
1,D,* == deleted
1,D,* == deleted
1,D,* == deleted
1,D,* == deleted
1,D,* == deleted
1,D,* == deleted
1,D,* == deleted
1,D,* == deleted
1,D,* == deleted
1,D,* == deleted
1,D,* == deleted
1,D,* == deleted
1,D,* == deleted
1,D,* == deleted
1,D,* == deleted
1,D,* == deleted
1,D,* == deleted
1,D,* == deleted
1,D,* == deleted
1,D,* == deleted
1,D,* == deleted
1,D,* == deleted
1,D,* == deleted
1,D,* == deleted
1,D,* == deleted
1,D,* == deleted
1,D,* == deleted
1,D,* == deleted
1,D,* == deleted
1,D,* == deleted
1,D,* == deleted
1,D,* == deleted
1,D,* == deleted
1,D,* == deleted
1,D,* == deleted
1,D,* == deleted
1,D,* == deleted
1,D,* == deleted
1,D,* == deleted
1,D,* == deleted
1,D,* == deleted
1,D,* == deleted
1,D,* == deleted
1,D,* == deleted
1,D,* == deleted
1,D,* == deleted
1,D,* == deleted
1,D,* == deleted
1,D,* == deleted
1,D,* == deleted
1,D,* == deleted
1,D,* == deleted
1,D,* == deleted
1,D,* == deleted
1,D,* == deleted
1,D,* == deleted
1,D,* == deleted
1,D,* == deleted
1,D,* == deleted
1,D,* == deleted
1,D,* == deleted
1,D,* == deleted
1,D,* == deleted
1,D,* == deleted
1,D,* == deleted
1,D,* == deleted
1,D,* == deleted
1,D,* == deleted
1,D,* == deleted
1,D,* == deleted
1,D,* == deleted
1,D,* == deleted
1,D,* == deleted
1,D,* == deleted
1,D,* == deleted
1,D,* == deleted
1,D,* == deleted
1,D,* == deleted
1,D,* == deleted
1,D,* == deleted
1,D,* == deleted
1,D,* == deleted
? == 857
1,D,* == deleted
1,D,* == deleted
1,D,* == deleted
1,D,* == deleted
1,D,* == deleted
1,D,* == deleted
1,D,* == deleted
1,D,* == deleted
1,D,* == deleted
1,D,* == deleted
1,D,* == deleted
1,D,* == deleted
1,D,* == deleted
1,D,* == deleted
1,D,* == deleted
1,D,* == deleted
1,D,* == deleted
1,D,* == deleted
1,D,* == deleted
1,D,* == deleted
1,D,* == deleted
1,D,* == deleted
1,D,* == deleted
1,D,* == deleted
1,D,* == deleted
1,D,* == deleted
1,D,* == deleted
1,D,* == deleted
1,D,* == deleted
1,D,* == deleted
1,D,* == deleted
1,D,* == deleted
1,D,* == deleted
1,D,* == deleted
1,D,* == deleted
1,D,* == deleted
1,D,* == deleted
1,D,* == deleted
1,D,* == deleted
1,D,* == deleted
1,D,* == deleted
1,D,* == deleted
1,D,* == deleted
1,D,* == deleted
1,D,* == deleted
1,D,* == deleted
1,D,* == deleted
1,D,* == deleted
1,D,* == deleted
1,D,* == deleted
1,D,* == deleted
1,D,* == deleted
1,D,* == deleted
1,D,* == deleted
1,D,* == deleted
1,D,* == deleted
1,D,* == deleted
1,D,* == deleted
1,D,* == deleted
1,D,* == deleted
1,D,* == deleted
1,D,* == deleted
1,D,* == deleted
1,D,* == deleted
1,D,* == deleted
1,D,* == deleted
1,D,* == deleted
1,D,* == deleted
1,D,* == deleted
1,D,* == deleted
1,D,* == deleted
1,D,* == deleted
1,D,* == deleted
1,D,* == deleted
1,D,* == deleted
1,D,* == deleted
1,D,* == deleted
1,D,* == deleted
1,D,* == deleted
1,D,* == deleted
1,D,* == deleted
1,D,* == deleted
1,D,* == deleted
1,D,* == deleted
1,D,* == deleted
1,D,* == deleted
1,D,* == deleted
1,D,* == deleted
1,D,* == deleted
1,D,* == deleted
1,D,* == deleted
1,D,* == deleted
1,D,* == deleted
1,D,* == deleted
1,D,* == deleted
1,D,* == deleted
1,D,* == deleted
1,D,* == deleted
1,D,* == deleted
1,D,* == deleted
1,D,* == deleted
1,D,* == deleted
1,D,* == deleted
1,D,* == deleted
1,D,* == deleted
1,D,* == deleted
1,D,* == deleted
1,D,* == deleted
1,D,* == deleted
1,D,* == deleted
1,D,* == deleted
1,D,* == deleted
1,D,* == deleted
1,D,* == deleted
1,D,* == deleted
1,D,* == deleted
1,D,* == deleted
1,D,* == deleted
1,D,* == deleted
1,D,* == deleted
1,D,* == deleted
1,D,* == deleted
1,D,* == deleted
1,D,* == deleted
1,D,* == deleted
1,D,* == deleted
1,D,* == deleted
1,D,* == deleted
1,D,* == deleted
1,D,* == deleted
1,D,* == deleted
1,D,* == deleted
1,D,* == deleted
1,D,* == deleted
1,D,* == deleted
1,D,* == deleted
1,D,* == deleted
1,D,* == deleted
1,D,* == deleted
1,D,* == deleted
1,D,* == deleted
1,D,* == deleted
1,D,* == deleted
1,D,* == deleted
1,D,* == deleted
1,D,* == deleted
1,D,* == deleted
1,D,* == deleted
1,D,* == deleted
1,D,* == deleted
1,D,* == deleted
1,D,* == deleted
1,D,* == deleted
1,D,* == deleted
1,D,* == deleted
1,D,* == deleted
1,D,* == deleted
1,D,* == deleted
1,D,* == deleted
1,D,* == deleted
1,D,* == deleted
1,D,* == deleted
1,D,* == deleted
1,D,* == deleted
1,D,* == deleted
1,D,* == deleted
1,D,* == deleted
1,D,* == deleted
1,D,* == deleted
1,D,* == deleted
1,D,* == deleted
1,D,* == deleted
1,D,* == deleted
1,D,* == deleted
1,D,* == deleted
1,D,* == deleted
1,D,* == deleted
1,D,* == deleted
1,D,* == deleted
1,D,* == deleted
1,D,* == deleted
1,D,* == deleted
1,D,* == deleted
1,D,* == deleted
1,D,* == deleted
1,D,* == deleted
1,D,* == deleted
1,D,* == deleted
1,D,* == deleted
1,D,* == deleted
1,D,* == deleted
1,D,* == deleted
1,D,* == deleted
1,D,* == deleted
1,D,* == deleted
1,D,* == deleted
1,D,* == deleted
1,D,* == deleted
1,D,* == deleted
1,D,* == deleted
1,D,* == deleted
1,D,* == deleted
1,D,* == deleted
1,D,* == deleted
1,D,* == deleted
1,D,* == deleted
1,D,* == deleted
1,D,* == deleted
1,D,* == deleted
1,D,* == deleted
1,D,* == deleted
1,D,* == deleted
1,D,* == deleted
1,D,* == deleted
1,D,* == deleted
1,D,* == deleted
1,D,* == deleted
1,D,* == deleted
1,D,* == deleted
1,D,* == deleted
1,D,* == deleted
1,D,* == deleted
1,D,* == deleted
1,D,* == deleted
1,D,* == deleted
1,D,* == deleted
1,D,* == deleted
1,D,* == deleted
1,D,* == deleted
1,D,* == deleted
1,D,* == deleted
1,D,* == deleted
1,D,* == deleted
1,D,* == deleted
1,D,* == deleted
1,D,* == deleted
1,D,* == deleted
1,D,* == deleted
1,D,* == deleted
1,D,* == deleted
1,D,* == deleted
1,D,* == deleted
1,D,* == deleted
1,D,* == deleted
1,D,* == deleted
1,D,* == deleted
1,D,* == deleted
1,D,* == deleted
1,D,* == deleted
1,D,* == deleted
1,D,* == deleted
1,D,* == deleted
1,D,* == deleted
1,D,* == deleted
1,D,* == deleted
1,D,* == deleted
? == 601
1,D,* == deleted
1,D,* == deleted
1,D,* == deleted
1,D,* == deleted
1,D,* == deleted
1,D,* == deleted
1,D,* == deleted
1,D,* == deleted
1,D,* == deleted
1,D,* == deleted
1,D,* == deleted
1,D,* == deleted
1,D,* == deleted
1,D,* == deleted
1,D,* == deleted
1,D,* == deleted
1,D,* == deleted
1,D,* == deleted
1,D,* == deleted
1,D,* == deleted
1,D,* == deleted
1,D,* == deleted
1,D,* == deleted
1,D,* == deleted
1,D,* == deleted
1,D,* == deleted
1,D,* == deleted
1,D,* == deleted
1,D,* == deleted
1,D,* == deleted
1,D,* == deleted
1,D,* == deleted
1,D,* == deleted
1,D,* == deleted
1,D,* == deleted
1,D,* == deleted
1,D,* == deleted
1,D,* == deleted
1,D,* == deleted
1,D,* == deleted
1,D,* == deleted
1,D,* == deleted
1,D,* == deleted
1,D,* == deleted
1,D,* == deleted
1,D,* == deleted
1,D,* == deleted
1,D,* == deleted
1,D,* == deleted
1,D,* == deleted
1,D,* == deleted
1,D,* == deleted
1,D,* == deleted
1,D,* == deleted
1,D,* == deleted
1,D,* == deleted
1,D,* == deleted
1,D,* == deleted
1,D,* == deleted
1,D,* == deleted
1,D,* == deleted
1,D,* == deleted
1,D,* == deleted
1,D,* == deleted
1,D,* == deleted
1,D,* == deleted
1,D,* == deleted
1,D,* == deleted
1,D,* == deleted
1,D,* == deleted
1,D,* == deleted
1,D,* == deleted
1,D,* == deleted
1,D,* == deleted
1,D,* == deleted
1,D,* == deleted
1,D,* == deleted
1,D,* == deleted
1,D,* == deleted
1,D,* == deleted
1,D,* == deleted
1,D,* == deleted
1,D,* == deleted
1,D,* == deleted
1,D,* == deleted
1,D,* == deleted
1,D,* == deleted
1,D,* == deleted
1,D,* == deleted
1,D,* == deleted
1,D,* == deleted
1,D,* == deleted
1,D,* == deleted
1,D,* == deleted
1,D,* == deleted
1,D,* == deleted
1,D,* == deleted
1,D,* == deleted
1,D,* == deleted
1,D,* == deleted
1,D,* == deleted
1,D,* == deleted
1,D,* == deleted
1,D,* == deleted
1,D,* == deleted
1,D,* == deleted
1,D,* == deleted
1,D,* == deleted
1,D,* == deleted
1,D,* == deleted
1,D,* == deleted
1,D,* == deleted
1,D,* == deleted
1,D,* == deleted
1,D,* == deleted
1,D,* == deleted
1,D,* == deleted
1,D,* == deleted
1,D,* == deleted
1,D,* == deleted
1,D,* == deleted
1,D,* == deleted
1,D,* == deleted
1,D,* == deleted
1,D,* == deleted
1,D,* == deleted
1,D,* == deleted
1,D,* == deleted
? == 473
1,D,* == deleted
1,D,* == deleted
1,D,* == deleted
1,D,* == deleted
1,D,* == deleted
1,D,* == deleted
1,D,* == deleted
1,D,* == deleted
1,D,* == deleted
1,D,* == deleted
1,D,* == deleted
1,D,* == deleted
1,D,* == deleted
1,D,* == deleted
1,D,* == deleted
1,D,* == deleted
1,D,* == deleted
1,D,* == deleted
1,D,* == deleted
1,D,* == deleted
1,D,* == deleted
1,D,* == deleted
1,D,* == deleted
1,D,* == deleted
1,D,* == deleted
1,D,* == deleted
1,D,* == deleted
1,D,* == deleted
1,D,* == deleted
1,D,* == deleted
1,D,* == deleted
1,D,* == deleted
1,D,* == deleted
1,D,* == deleted
1,D,* == deleted
1,D,* == deleted
1,D,* == deleted
1,D,* == deleted
1,D,* == deleted
1,D,* == deleted
1,D,* == deleted
1,D,* == deleted
1,D,* == deleted
1,D,* == deleted
1,D,* == deleted
1,D,* == deleted
1,D,* == deleted
1,D,* == deleted
1,D,* == deleted
1,D,* == deleted
1,D,* == deleted
1,D,* == deleted
1,D,* == deleted
1,D,* == deleted
1,D,* == deleted
1,D,* == deleted
1,D,* == deleted
1,D,* == deleted
1,D,* == deleted
1,D,* == deleted
1,D,* == deleted
1,D,* == deleted
1,D,* == deleted
1,D,* == deleted
1,D,* == deleted
1,D,* == deleted
1,D,* == deleted
1,D,* == deleted
1,D,* == deleted
1,D,* == deleted
1,D,* == deleted
1,D,* == deleted
1,D,* == deleted
1,D,* == deleted
1,D,* == deleted
1,D,* == deleted
1,D,* == deleted
1,D,* == deleted
1,D,* == deleted
1,D,* == deleted
1,D,* == deleted
1,D,* == deleted
1,D,* == deleted
1,D,* == deleted
1,D,* == deleted
1,D,* == deleted
1,D,* == deleted
1,D,* == deleted
1,D,* == deleted
1,D,* == deleted
1,D,* == deleted
1,D,* == deleted
1,D,* == deleted
1,D,* == deleted
1,D,* == deleted
1,D,* == deleted
1,D,* == deleted
1,D,* == deleted
1,D,* == deleted
1,D,* == deleted
1,D,* == deleted
1,D,* == deleted
1,D,* == deleted
1,D,* == deleted
1,D,* == deleted
1,D,* == deleted
1,D,* == deleted
1,D,* == deleted
1,D,* == deleted
1,D,* == deleted
1,D,* == deleted
1,D,* == deleted
1,D,* == deleted
1,D,* == deleted
1,D,* == deleted
1,D,* == deleted
1,D,* == deleted
1,D,* == deleted
1,D,* == deleted
1,D,* == deleted
1,D,* == deleted
1,D,* == deleted
1,D,* == deleted
1,D,* == deleted
1,D,* == deleted
1,D,* == deleted
1,D,* == deleted
1,D,* == deleted
1,D,* == deleted
1,D,* == deleted
1,D,* == deleted
1,D,* == deleted
1,D,* == deleted
1,D,* == deleted
1,D,* == deleted
1,D,* == deleted
1,D,* == deleted
1,D,* == deleted
1,D,* == deleted
1,D,* == deleted
1,D,* == deleted
1,D,* == deleted
1,D,* == deleted
1,D,* == deleted
1,D,* == deleted
1,D,* == deleted
1,D,* == deleted
1,D,* == deleted
1,D,* == deleted
1,D,* == deleted
1,D,* == deleted
1,D,* == deleted
1,D,* == deleted
1,D,* == deleted
1,D,* == deleted
1,D,* == deleted
1,D,* == deleted
1,D,* == deleted
1,D,* == deleted
1,D,* == deleted
1,D,* == deleted
1,D,* == deleted
1,D,* == deleted
1,D,* == deleted
1,D,* == deleted
1,D,* == deleted
1,D,* == deleted
1,D,* == deleted
1,D,* == deleted
1,D,* == deleted
1,D,* == deleted
1,D,* == deleted
1,D,* == deleted
1,D,* == deleted
1,D,* == deleted
1,D,* == deleted
1,D,* == deleted
1,D,* == deleted
1,D,* == deleted
1,D,* == deleted
1,D,* == deleted
1,D,* == deleted
1,D,* == deleted
1,D,* == deleted
1,D,* == deleted
1,D,* == deleted
1,D,* == deleted
1,D,* == deleted
1,D,* == deleted
1,D,* == deleted
1,D,* == deleted
1,D,* == deleted
1,D,* == deleted
1,D,* == deleted
1,D,* == deleted
1,D,* == deleted
1,D,* == deleted
1,D,* == deleted
1,D,* == deleted
1,D,* == deleted
1,D,* == deleted
1,D,* == deleted
1,D,* == deleted
1,D,* == deleted
1,D,* == deleted
1,D,* == deleted
1,D,* == deleted
1,D,* == deleted
1,D,* == deleted
1,D,* == deleted
1,D,* == deleted
1,D,* == deleted
1,D,* == deleted
1,D,* == deleted
1,D,* == deleted
1,D,* == deleted
1,D,* == deleted
1,D,* == deleted
1,D,* == deleted
1,D,* == deleted
1,D,* == deleted
1,D,* == deleted
1,D,* == deleted
1,D,* == deleted
1,D,* == deleted
1,D,* == deleted
1,D,* == deleted
1,D,* == deleted
1,D,* == deleted
1,D,* == deleted
1,D,* == deleted
1,D,* == deleted
1,D,* == deleted
1,D,* == deleted
1,D,* == deleted
1,D,* == deleted
1,D,* == deleted
1,D,* == deleted
1,D,* == deleted
1,D,* == deleted
1,D,* == deleted
1,D,* == deleted
1,D,* == deleted
1,D,* == deleted
1,D,* == deleted
1,D,* == deleted
1,D,* == deleted
1,D,* == deleted
1,D,* == deleted
1,D,* == deleted
1,D,* == deleted
1,D,* == deleted
1,D,* == deleted
1,D,* == deleted
1,D,* == deleted
1,D,* == deleted
? == 217
1,D,* == deleted
1,D,* == deleted
1,D,* == deleted
1,D,* == deleted
1,D,* == deleted
1,D,* == deleted
1,D,* == deleted
1,D,* == deleted
1,D,* == deleted
1,D,* == deleted
1,D,* == deleted
1,D,* == deleted
1,D,* == deleted
1,D,* == deleted
1,D,* == deleted
1,D,* == deleted
1,D,* == deleted
? == 200
1,D,* == deleted
1,D,* == deleted
1,D,* == deleted
1,D,* == deleted
1,D,* == deleted
1,D,* == deleted
1,D,* == deleted
1,D,* == deleted
1,D,* == deleted
1,D,* == deleted
1,D,* == deleted
1,D,* == deleted
1,D,* == deleted
1,D,* == deleted
1,D,* == deleted
1,D,* == deleted
1,D,* == deleted
1,D,* == deleted
1,D,* == deleted
1,D,* == deleted
1,D,* == deleted
1,D,* == deleted
1,D,* == deleted
1,D,* == deleted
1,D,* == deleted
1,D,* == deleted
1,D,* == deleted
1,D,* == deleted
1,D,* == deleted
1,D,* == deleted
1,D,* == deleted
1,D,* == deleted
1,D,* == deleted
1,D,* == deleted
1,D,* == deleted
1,D,* == deleted
1,D,* == deleted
1,D,* == deleted
1,D,* == deleted
1,D,* == deleted
1,D,* == deleted
1,D,* == deleted
1,D,* == deleted
1,D,* == deleted
1,D,* == deleted
1,D,* == deleted
1,D,* == deleted
1,D,* == deleted
1,D,* == deleted
1,D,* == deleted
1,D,* == deleted
1,D,* == deleted
1,D,* == deleted
1,D,* == deleted
1,D,* == deleted
1,D,* == deleted
1,D,* == deleted
1,D,* == deleted
1,D,* == deleted
1,D,* == deleted
1,D,* == deleted
1,D,* == deleted
1,D,* == deleted
1,D,* == deleted
1,D,* == deleted
1,D,* == deleted
1,D,* == deleted
1,D,* == deleted
1,D,* == deleted
1,D,* == deleted
1,D,* == deleted
? == 129
1,D,* == deleted
1,D,* == deleted
1,D,* == deleted
1,D,* == deleted
1,D,* == deleted
1,D,* == deleted
1,D,* == deleted
1,D,* == deleted
1,D,* == deleted
1,D,* == deleted
1,D,* == deleted
1,D,* == deleted
1,D,* == deleted
1,D,* == deleted
1,D,* == deleted
1,D,* == deleted
1,D,* == deleted
1,D,* == deleted
1,D,* == deleted
1,D,* == deleted
1,D,* == deleted
1,D,* == deleted
1,D,* == deleted
1,D,* == deleted
1,D,* == deleted
1,D,* == deleted
1,D,* == deleted
1,D,* == deleted
1,D,* == deleted
1,D,* == deleted
1,D,* == deleted
1,D,* == deleted
1,D,* == deleted
1,D,* == deleted
1,D,* == deleted
1,D,* == deleted
1,D,* == deleted
1,D,* == deleted
1,D,* == deleted
1,D,* == deleted
1,D,* == deleted
1,D,* == deleted
1,D,* == deleted
1,D,* == deleted
1,D,* == deleted
1,D,* == deleted
1,D,* == deleted
1,D,* == deleted
1,D,* == deleted
1,D,* == deleted
1,D,* == deleted
1,D,* == deleted
1,D,* == deleted
1,D,* == deleted
1,D,* == deleted
1,D,* == deleted
1,D,* == deleted
1,D,* == deleted
1,D,* == deleted
1,D,* == deleted
1,D,* == deleted
1,D,* == deleted
1,D,* == deleted
? == 66
1,D,* == deleted
1,D,* == deleted
1,D,* == deleted
1,D,* == deleted
1,D,* == deleted
1,D,* == deleted
1,D,* == deleted
1,D,* == deleted
1,D,* == deleted
1,D,* == deleted
1,D,* == deleted
1,D,* == deleted
1,D,* == deleted
1,D,* == deleted
1,D,* == deleted
1,D,* == deleted
1,D,* == deleted
1,D,* == deleted
1,D,* == deleted
1,D,* == deleted
1,D,* == deleted
1,D,* == deleted
1,D,* == deleted
1,D,* == deleted
1,D,* == deleted
1,D,* == deleted
1,D,* == deleted
1,D,* == deleted
1,D,* == deleted
1,D,* == deleted
1,D,* == deleted
1,D,* == deleted
1,D,* == deleted
1,D,* == deleted
1,D,* == deleted
1,D,* == deleted
1,D,* == deleted
1,D,* == deleted
1,D,* == deleted
1,D,* == deleted
1,D,* == deleted
1,D,* == deleted
1,D,* == deleted
1,D,* == deleted
1,D,* == deleted
1,D,* == deleted
1,D,* == deleted
1,D,* == deleted
1,D,* == deleted
1,D,* == deleted
1,D,* == deleted
1,D,* == deleted
1,D,* == deleted
1,D,* == deleted
1,D,* == deleted
1,D,* == deleted
1,D,* == deleted
1,D,* == deleted
1,D,* == deleted
1,D,* == deleted
1,D,* == deleted
1,D,* == deleted
1,D,* == deleted
? == 3
? == 5
? == 7
1,D,* == deleted
? == 6
2,D,color == deleted
? == 5
? == 6
? == 9
1,S,? == 2
1,S,1 == h1
1,A,? == 6
4,S,? == 2
4,S,1 == h1
1,S,2 == body
4,A,? == 6
? == 10
1,D,* == deleted
1,D,* == deleted
1,D,* == deleted
1,D,* == deleted
1,D,* == deleted
1,D,* == deleted
? == 4
1,D,* == deleted
1,D,* == deleted
? == 2
1,D,* == deleted
? == 1
1,D,* == deleted
? == 0
? == 0
? == 0
? == 2
1,A,? == 1
1,S,? == 6
? == 2
2,S,1 == h2
2,S,2 == h1
2,S,3 == h3
2,S,4 == h7
? == 2

